<?xml version="1.0" encoding="UTF-8"?>
<!-- Generated by org.testng.reporters.JUnitXMLReporter -->
<testsuite ignored="0" hostname="DESKTOP-GVOQ5FV" failures="0" tests="7" name="Default test" time="0.125" errors="0" timestamp="2024-06-11T17:11:33 IST">
  <testcase classname="countries.country3" name="aus" time="0.019"/>
  <testcase classname="countries.country3" name="ban" time="0.003"/>
  <testcase classname="countries.country3" name="ind" time="0.002"/>
  <testcase classname="countries.country3" name="nz" time="0.002"/>
  <testcase classname="countries.country3" name="pak" time="0.002"/>
  <testcase classname="countries.country3" name="sl" time="0.006"/>
  <testcase classname="countries.country3" name="wi" time="0.002"/>
</testsuite> <!-- Default test -->
