<?xml version="1.0" encoding="UTF-8"?>
<!-- Generated by org.testng.reporters.JUnitXMLReporter -->
<testsuite ignored="0" hostname="DESKTOP-GVOQ5FV" failures="0" tests="21" name="Test" time="0.373" errors="0" timestamp="2024-06-11T17:12:16 IST">
  <testcase classname="countries.country" name="aus" time="0.029"/>
  <testcase classname="countries.country" name="ban" time="0.002"/>
  <testcase classname="countries.country" name="ind" time="0.007"/>
  <testcase classname="countries.country" name="nz" time="0.005"/>
  <testcase classname="countries.country" name="pak" time="0.006"/>
  <testcase classname="countries.country" name="sl" time="0.015"/>
  <testcase classname="countries.country" name="wi" time="0.006"/>
  <testcase classname="countries.country2" name="aus" time="0.005"/>
  <testcase classname="countries.country2" name="ban" time="0.008"/>
  <testcase classname="countries.country2" name="ind" time="0.003"/>
  <testcase classname="countries.country2" name="nz" time="0.002"/>
  <testcase classname="countries.country2" name="pak" time="0.007"/>
  <testcase classname="countries.country2" name="sl" time="0.003"/>
  <testcase classname="countries.country2" name="wi" time="0.006"/>
  <testcase classname="countries.country3" name="aus" time="0.003"/>
  <testcase classname="countries.country3" name="ban" time="0.005"/>
  <testcase classname="countries.country3" name="ind" time="0.002"/>
  <testcase classname="countries.country3" name="nz" time="0.002"/>
  <testcase classname="countries.country3" name="pak" time="0.006"/>
  <testcase classname="countries.country3" name="sl" time="0.002"/>
  <testcase classname="countries.country3" name="wi" time="0.005"/>
</testsuite> <!-- Test -->
