<?xml version="1.0" encoding="UTF-8"?>
<testng-results ignored="0" total="21" passed="21" failed="0" skipped="0">
  <reporter-output>
  </reporter-output>
  <suite started-at="2024-06-11T17:12:16 IST" name="Suite" finished-at="2024-06-11T17:12:16 IST" duration-ms="373">
    <groups>
    </groups>
    <test started-at="2024-06-11T17:12:16 IST" name="Test" finished-at="2024-06-11T17:12:16 IST" duration-ms="373">
      <class name="countries.country2">
        <test-method signature="aus()[pri:0, instance:countries.country2@4f83df68]" started-at="2024-06-11T17:12:16 IST" name="aus" finished-at="2024-06-11T17:12:16 IST" duration-ms="5" status="PASS">
          <reporter-output>
          </reporter-output>
        </test-method> <!-- aus -->
        <test-method signature="ban()[pri:0, instance:countries.country2@4f83df68]" started-at="2024-06-11T17:12:16 IST" name="ban" finished-at="2024-06-11T17:12:16 IST" duration-ms="8" status="PASS">
          <reporter-output>
          </reporter-output>
        </test-method> <!-- ban -->
        <test-method signature="ind()[pri:0, instance:countries.country2@4f83df68]" started-at="2024-06-11T17:12:16 IST" name="ind" finished-at="2024-06-11T17:12:16 IST" duration-ms="3" status="PASS">
          <reporter-output>
          </reporter-output>
        </test-method> <!-- ind -->
        <test-method signature="nz()[pri:0, instance:countries.country2@4f83df68]" started-at="2024-06-11T17:12:16 IST" name="nz" finished-at="2024-06-11T17:12:16 IST" duration-ms="2" status="PASS">
          <reporter-output>
          </reporter-output>
        </test-method> <!-- nz -->
        <test-method signature="pak()[pri:0, instance:countries.country2@4f83df68]" started-at="2024-06-11T17:12:16 IST" name="pak" finished-at="2024-06-11T17:12:16 IST" duration-ms="7" status="PASS">
          <reporter-output>
          </reporter-output>
        </test-method> <!-- pak -->
        <test-method signature="sl()[pri:0, instance:countries.country2@4f83df68]" started-at="2024-06-11T17:12:16 IST" name="sl" finished-at="2024-06-11T17:12:16 IST" duration-ms="3" status="PASS">
          <reporter-output>
          </reporter-output>
        </test-method> <!-- sl -->
        <test-method signature="wi()[pri:0, instance:countries.country2@4f83df68]" started-at="2024-06-11T17:12:16 IST" name="wi" finished-at="2024-06-11T17:12:16 IST" duration-ms="6" status="PASS">
          <reporter-output>
          </reporter-output>
        </test-method> <!-- wi -->
      </class> <!-- countries.country2 -->
      <class name="countries.country3">
        <test-method signature="aus()[pri:0, instance:countries.country3@6cf0e0ba]" started-at="2024-06-11T17:12:16 IST" name="aus" finished-at="2024-06-11T17:12:16 IST" duration-ms="3" status="PASS">
          <reporter-output>
          </reporter-output>
        </test-method> <!-- aus -->
        <test-method signature="ban()[pri:0, instance:countries.country3@6cf0e0ba]" started-at="2024-06-11T17:12:16 IST" name="ban" finished-at="2024-06-11T17:12:16 IST" duration-ms="5" status="PASS">
          <reporter-output>
          </reporter-output>
        </test-method> <!-- ban -->
        <test-method signature="ind()[pri:0, instance:countries.country3@6cf0e0ba]" started-at="2024-06-11T17:12:16 IST" name="ind" finished-at="2024-06-11T17:12:16 IST" duration-ms="2" status="PASS">
          <reporter-output>
          </reporter-output>
        </test-method> <!-- ind -->
        <test-method signature="nz()[pri:0, instance:countries.country3@6cf0e0ba]" started-at="2024-06-11T17:12:16 IST" name="nz" finished-at="2024-06-11T17:12:16 IST" duration-ms="2" status="PASS">
          <reporter-output>
          </reporter-output>
        </test-method> <!-- nz -->
        <test-method signature="pak()[pri:0, instance:countries.country3@6cf0e0ba]" started-at="2024-06-11T17:12:16 IST" name="pak" finished-at="2024-06-11T17:12:16 IST" duration-ms="6" status="PASS">
          <reporter-output>
          </reporter-output>
        </test-method> <!-- pak -->
        <test-method signature="sl()[pri:0, instance:countries.country3@6cf0e0ba]" started-at="2024-06-11T17:12:16 IST" name="sl" finished-at="2024-06-11T17:12:16 IST" duration-ms="2" status="PASS">
          <reporter-output>
          </reporter-output>
        </test-method> <!-- sl -->
        <test-method signature="wi()[pri:0, instance:countries.country3@6cf0e0ba]" started-at="2024-06-11T17:12:16 IST" name="wi" finished-at="2024-06-11T17:12:16 IST" duration-ms="5" status="PASS">
          <reporter-output>
          </reporter-output>
        </test-method> <!-- wi -->
      </class> <!-- countries.country3 -->
      <class name="countries.country">
        <test-method signature="aus()[pri:0, instance:countries.country@1a482e36]" started-at="2024-06-11T17:12:16 IST" name="aus" finished-at="2024-06-11T17:12:16 IST" duration-ms="29" status="PASS">
          <reporter-output>
          </reporter-output>
        </test-method> <!-- aus -->
        <test-method signature="ban()[pri:0, instance:countries.country@1a482e36]" started-at="2024-06-11T17:12:16 IST" name="ban" finished-at="2024-06-11T17:12:16 IST" duration-ms="2" status="PASS">
          <reporter-output>
          </reporter-output>
        </test-method> <!-- ban -->
        <test-method signature="ind()[pri:0, instance:countries.country@1a482e36]" started-at="2024-06-11T17:12:16 IST" name="ind" finished-at="2024-06-11T17:12:16 IST" duration-ms="7" status="PASS">
          <reporter-output>
          </reporter-output>
        </test-method> <!-- ind -->
        <test-method signature="nz()[pri:0, instance:countries.country@1a482e36]" started-at="2024-06-11T17:12:16 IST" name="nz" finished-at="2024-06-11T17:12:16 IST" duration-ms="5" status="PASS">
          <reporter-output>
          </reporter-output>
        </test-method> <!-- nz -->
        <test-method signature="pak()[pri:0, instance:countries.country@1a482e36]" started-at="2024-06-11T17:12:16 IST" name="pak" finished-at="2024-06-11T17:12:16 IST" duration-ms="6" status="PASS">
          <reporter-output>
          </reporter-output>
        </test-method> <!-- pak -->
        <test-method signature="sl()[pri:0, instance:countries.country@1a482e36]" started-at="2024-06-11T17:12:16 IST" name="sl" finished-at="2024-06-11T17:12:16 IST" duration-ms="15" status="PASS">
          <reporter-output>
          </reporter-output>
        </test-method> <!-- sl -->
        <test-method signature="wi()[pri:0, instance:countries.country@1a482e36]" started-at="2024-06-11T17:12:16 IST" name="wi" finished-at="2024-06-11T17:12:16 IST" duration-ms="6" status="PASS">
          <reporter-output>
          </reporter-output>
        </test-method> <!-- wi -->
      </class> <!-- countries.country -->
    </test> <!-- Test -->
  </suite> <!-- Suite -->
</testng-results>
